<?xml version="1.0" encoding="UTF-8"?>
<!-- Generated by org.testng.reporters.JUnitReportReporter -->
<testsuite hostname="Sarojs-iMac.local" failures="0" tests="1" name="testcases.bryan.BT_01" time="14.145" errors="0" timestamp="2024-01-08T11:53:03 EST" skipped="0">
  <testcase classname="testcases.bryan.BT_01" name="checkOut" time="14.145"/>
  <system-out/>
</testsuite> <!-- testcases.bryan.BT_01 -->
