<?xml version="1.0" encoding="UTF-8"?>
<!-- Generated by org.testng.reporters.JUnitReportReporter -->
<testsuite hostname="Sarojs-iMac.local" failures="0" tests="1" name="testcases.saroj.BB_TestCase_01" time="6.664" errors="0" timestamp="2023-12-27T15:44:14 EST" skipped="0">
  <testcase classname="testcases.saroj.BB_TestCase_01" name="removeItemfromCart" time="6.664"/>
</testsuite> <!-- testcases.saroj.BB_TestCase_01 -->
