<?xml version="1.0" encoding="UTF-8"?>
<!-- Generated by org.testng.reporters.JUnitReportReporter -->
<testsuite hostname="Sarojs-iMac.local" failures="0" tests="1" name="testcases.christinethebaddie.CA_TestCase02" time="6.123" errors="0" timestamp="2023-12-28T15:37:41 EST" skipped="0">
  <testcase classname="testcases.christinethebaddie.CA_TestCase02" name="subscribeSubmission" time="6.123"/>
  <system-out/>
</testsuite> <!-- testcases.christinethebaddie.CA_TestCase02 -->
