<?xml version="1.0" encoding="UTF-8"?>
<!-- Generated by org.testng.reporters.JUnitReportReporter -->
<testsuite hostname="Sarojs-iMac.local" failures="0" tests="1" name="testcases.ngan.TestCase01" time="4.304" errors="0" timestamp="2024-01-07T21:12:32 EST" skipped="0">
  <testcase classname="testcases.ngan.TestCase01" name="logoTesting" time="4.304"/>
  <system-out/>
</testsuite> <!-- testcases.ngan.TestCase01 -->
