<?xml version="1.0" encoding="UTF-8"?>
<!-- Generated by org.testng.reporters.JUnitReportReporter -->
<testsuite hostname="Sarojs-iMac.local" failures="0" tests="1" name="testcases.Dilnaz.Testcase03" time="8.990" errors="0" timestamp="2024-01-08T22:24:09 EST" skipped="0">
  <testcase classname="testcases.Dilnaz.Testcase03" name="myPreviousOrder" time="8.990"/>
  <system-out/>
</testsuite> <!-- testcases.Dilnaz.Testcase03 -->
