<?xml version="1.0" encoding="UTF-8"?>
<!-- Generated by org.testng.reporters.JUnitReportReporter -->
<testsuite hostname="Sarojs-iMac.local" failures="0" tests="1" name="testcases.ngan.TestCase03" time="8.672" errors="0" timestamp="2024-01-07T21:17:16 EST" skipped="0">
  <testcase classname="testcases.ngan.TestCase03" name="addToWishList" time="8.672"/>
  <system-out/>
</testsuite> <!-- testcases.ngan.TestCase03 -->
