<?xml version="1.0" encoding="UTF-8"?>
<!-- Generated by org.testng.reporters.JUnitReportReporter -->
<testsuite hostname="Sarojs-iMac.local" failures="0" tests="1" name="testcases.saroj.BB_TestCase_02" time="4.815" errors="0" timestamp="2024-01-08T11:48:13 EST" skipped="0">
  <testcase classname="testcases.saroj.BB_TestCase_02" name="addItemtoCart" time="4.815"/>
  <system-out/>
</testsuite> <!-- testcases.saroj.BB_TestCase_02 -->
