<?xml version="1.0" encoding="UTF-8"?>
<!-- Generated by org.testng.reporters.JUnitReportReporter -->
<testsuite hostname="Anthonys-MacBook.local" failures="0" tests="1" name="testcases.sirirat.BB_TC_01" time="11.915" errors="0" timestamp="2024-01-10T17:15:28 EST" skipped="0">
  <testcase classname="testcases.sirirat.BB_TC_01" name="verifyQuantityLimitPerPage" time="11.915"/>
  <system-out/>
</testsuite> <!-- testcases.sirirat.BB_TC_01 -->
