<?xml version="1.0" encoding="UTF-8"?>
<!-- Generated by org.testng.reporters.JUnitReportReporter -->
<testsuite hostname="Sarojs-iMac.local" failures="0" tests="1" name="testcases.gautam.GT_Testcase_01" time="3.772" errors="0" timestamp="2024-01-07T21:30:22 EST" skipped="0">
  <testcase classname="testcases.gautam.GT_Testcase_01" name="shoppingOption" time="3.772"/>
  <system-out/>
</testsuite> <!-- testcases.gautam.GT_Testcase_01 -->
