<?xml version="1.0" encoding="UTF-8"?>
<!-- Generated by org.testng.reporters.JUnitReportReporter -->
<testsuite hostname="Sarojs-iMac.local" failures="0" tests="1" name="testcases.ExampleTestCase" time="2.107" errors="0" timestamp="2023-12-12T23:22:35 EST" skipped="0">
  <testcase classname="testcases.ExampleTestCase" name="test01" time="2.107"/>
</testsuite> <!-- testcases.ExampleTestCase -->
