<?xml version="1.0" encoding="UTF-8"?>
<!-- Generated by org.testng.reporters.JUnitReportReporter -->
<testsuite hostname="Sarojs-iMac.local" failures="0" tests="1" name="testcases.christinethebaddie.CA_TestCase01" time="5.877" errors="0" timestamp="2023-12-27T15:51:57 EST" skipped="0">
  <testcase classname="testcases.christinethebaddie.CA_TestCase01" name="ContactUsLinkVerification" time="5.877"/>
  <system-out/>
</testsuite> <!-- testcases.christinethebaddie.CA_TestCase01 -->
