<?xml version="1.0" encoding="UTF-8"?>
<!-- Generated by org.testng.reporters.JUnitReportReporter -->
<testsuite hostname="Sarojs-iMac.local" failures="0" tests="1" name="testcases.saroj.testRun" time="2.451" errors="0" timestamp="2023-12-27T15:19:03 EST" skipped="0">
  <testcase classname="testcases.saroj.testRun" name="justForTest" time="2.451"/>
</testsuite> <!-- testcases.saroj.testRun -->
