<?xml version="1.0" encoding="UTF-8"?>
<!-- Generated by org.testng.reporters.JUnitReportReporter -->
<testsuite hostname="DESKTOP-LM80HDV" failures="0" tests="1" name="testcases.christinethebaddie.CA_TestCase03" time="8.387" errors="0" timestamp="2023-12-28T13:34:03 CST" skipped="0">
  <testcase classname="testcases.christinethebaddie.CA_TestCase03" name="requiredFieldAlert" time="8.387"/>
  <system-out/>
</testsuite> <!-- testcases.christinethebaddie.CA_TestCase03 -->
