<?xml version="1.0" encoding="UTF-8"?>
<!-- Generated by org.testng.reporters.JUnitReportReporter -->
<testsuite hostname="Sarojs-iMac.local" failures="0" tests="3" name="testcases.zach.Zach_TestCase" time="21.336" errors="0" timestamp="2024-01-08T12:33:48 EST" skipped="0">
  <testcase classname="testcases.zach.Zach_TestCase" name="gearPage" time="4.136"/>
  <system-out/>
  <testcase classname="testcases.zach.Zach_TestCase" name="FitnessEquipment" time="8.280"/>
  <system-out/>
  <testcase classname="testcases.zach.Zach_TestCase" name="bagPage" time="8.920"/>
  <system-out/>
</testsuite> <!-- testcases.zach.Zach_TestCase -->
