<?xml version="1.0" encoding="UTF-8"?>
<!-- Generated by org.testng.reporters.JUnitReportReporter -->
<testsuite hostname="Sarojs-iMac.local" failures="0" tests="1" name="testcases.bryan.BT_01" time="12.616" errors="0" timestamp="2023-12-31T14:58:17 EST" skipped="0">
  <testcase classname="testcases.bryan.BT_01" name="checkOut" time="12.616"/>
  <system-out/>
</testsuite> <!-- testcases.bryan.BT_01 -->
