<?xml version="1.0" encoding="UTF-8"?>
<!-- Generated by org.testng.reporters.JUnitReportReporter -->
<testsuite hostname="DESKTOP-LM80HDV" failures="0" tests="1" name="testcases.christinethebaddie.CA_TestCase01" time="8.772" errors="0" timestamp="2023-12-28T13:29:12 CST" skipped="0">
  <testcase classname="testcases.christinethebaddie.CA_TestCase01" name="ContactUsLinkVerification" time="8.772"/>
  <system-out/>
</testsuite> <!-- testcases.christinethebaddie.CA_TestCase01 -->
