<?xml version="1.0" encoding="UTF-8"?>
<!-- Generated by org.testng.reporters.JUnitReportReporter -->
<testsuite hostname="Sarojs-iMac.local" failures="0" tests="1" name="testcases.christinethebaddie.CA_TestCase03" time="7.372" errors="0" timestamp="2024-01-07T21:08:54 EST" skipped="0">
  <testcase classname="testcases.christinethebaddie.CA_TestCase03" name="requiredFieldAlert" time="7.372"/>
  <system-out/>
</testsuite> <!-- testcases.christinethebaddie.CA_TestCase03 -->
