<?xml version="1.0" encoding="UTF-8"?>
<!-- Generated by org.testng.reporters.JUnitReportReporter -->
<testsuite hostname="Sarojs-iMac.local" failures="0" tests="1" name="testcases.arad.BB_TC_03" time="10.825" errors="0" timestamp="2024-01-07T22:02:51 EST" skipped="0">
  <testcase classname="testcases.arad.BB_TC_03" name="inputQtyLessThanMaximum" time="10.825"/>
  <system-out/>
</testsuite> <!-- testcases.arad.BB_TC_03 -->
