<?xml version="1.0" encoding="UTF-8"?>
<!-- Generated by org.testng.reporters.JUnitReportReporter -->
<testsuite hostname="Sarojs-iMac.local" failures="0" tests="1" name="saroj.BB_TestCase_02" time="4.007" errors="0" timestamp="2023-12-16T22:24:14 EST" skipped="0">
  <testcase classname="saroj.BB_TestCase_02" name="addItemtoCart" time="4.007"/>
</testsuite> <!-- saroj.BB_TestCase_02 -->
