<?xml version="1.0" encoding="UTF-8"?>
<!-- Generated by org.testng.reporters.JUnitReportReporter -->
<testsuite hostname="Sarojs-iMac.local" failures="0" tests="1" name="testcases.Dilnaz.Testcase02" time="3.114" errors="0" timestamp="2024-01-06T17:32:17 EST" skipped="0">
  <testcase classname="testcases.Dilnaz.Testcase02" name="privacyAndPolicy" time="3.114"/>
  <system-out/>
</testsuite> <!-- testcases.Dilnaz.Testcase02 -->
