<?xml version="1.0" encoding="UTF-8"?>
<!-- Generated by org.testng.reporters.JUnitReportReporter -->
<testsuite hostname="Sarojs-iMac.local" failures="0" tests="1" name="testcases.sirirat.BBTC_03" time="5.172" errors="0" timestamp="2023-12-31T15:55:32 EST" skipped="0">
  <testcase classname="testcases.sirirat.BBTC_03" name="sortFunction" time="5.172"/>
  <system-out/>
</testsuite> <!-- testcases.sirirat.BBTC_03 -->
