<?xml version="1.0" encoding="UTF-8"?>
<!-- Generated by org.testng.reporters.JUnitReportReporter -->
<testsuite hostname="Sarojs-iMac.local" failures="0" tests="1" name="testcases.christinethebaddie.CA_TestCase03" time="7.396" errors="0" timestamp="2023-12-28T15:42:27 EST" skipped="0">
  <testcase classname="testcases.christinethebaddie.CA_TestCase03" name="requiredFieldAlert" time="7.396"/>
  <system-out/>
</testsuite> <!-- testcases.christinethebaddie.CA_TestCase03 -->
