<?xml version="1.0" encoding="UTF-8"?>
<!-- Generated by org.testng.reporters.JUnitReportReporter -->
<testsuite hostname="Sarojs-MacBook-Air.local" failures="0" tests="1" name="testcases.saroj.BB_TestCase_01" time="81.657" errors="0" timestamp="2023-12-19T19:35:48 EST" skipped="0">
  <testcase classname="testcases.saroj.BB_TestCase_01" name="removeItemfromCart" time="81.657"/>
</testsuite> <!-- testcases.saroj.BB_TestCase_01 -->
