<?xml version="1.0" encoding="UTF-8"?>
<!-- Generated by org.testng.reporters.JUnitReportReporter -->
<testsuite hostname="Sarojs-iMac.local" failures="0" tests="3" name="testcases.arad.Arad_TestCase" time="20.874" errors="0" timestamp="2024-01-08T17:44:03 EST" skipped="0">
  <testcase classname="testcases.arad.Arad_TestCase" name="verifyQuantityLimitPerPage" time="5.002"/>
  <system-out/>
  <testcase classname="testcases.arad.Arad_TestCase" name="maximumPurchaseItem" time="4.879"/>
  <system-out/>
  <testcase classname="testcases.arad.Arad_TestCase" name="inputQtyLessThanMaximum" time="10.993"/>
  <system-out/>
</testsuite> <!-- testcases.arad.Arad_TestCase -->
