<?xml version="1.0" encoding="UTF-8"?>
<!-- Generated by org.testng.reporters.JUnitReportReporter -->
<testsuite hostname="Sarojs-iMac.local" failures="0" tests="3" name="testcases.ngan.Ngan_TestCase" time="36.048" errors="0" timestamp="2024-01-08T13:22:13 EST" skipped="0">
  <testcase classname="testcases.ngan.Ngan_TestCase" name="addToWishList" time="13.615"/>
  <system-out/>
  <testcase classname="testcases.ngan.Ngan_TestCase" name="addToCompare" time="14.079"/>
  <system-out/>
  <testcase classname="testcases.ngan.Ngan_TestCase" name="logoTesting" time="8.354"/>
  <system-out/>
</testsuite> <!-- testcases.ngan.Ngan_TestCase -->
