<?xml version="1.0" encoding="UTF-8"?>
<!-- Generated by org.testng.reporters.JUnitReportReporter -->
<testsuite hostname="Sarojs-iMac.local" failures="0" tests="1" name="testcases.saroj.BB_TestCase_03" time="12.048" errors="0" timestamp="2024-01-08T11:44:36 EST" skipped="0">
  <testcase classname="testcases.saroj.BB_TestCase_03" name="updateQuantityInCart" time="12.048"/>
  <system-out/>
</testsuite> <!-- testcases.saroj.BB_TestCase_03 -->
