<?xml version="1.0" encoding="UTF-8"?>
<!-- Generated by org.testng.reporters.JUnitReportReporter -->
<testsuite hostname="Anthonys-MacBook.local" failures="0" tests="1" name="testcases.sirirat.BB_TC_02" time="11.840" errors="0" timestamp="2024-01-10T17:16:01 EST" skipped="0">
  <testcase classname="testcases.sirirat.BB_TC_02" name="maximumPurchaseItem" time="11.840"/>
  <system-out/>
</testsuite> <!-- testcases.sirirat.BB_TC_02 -->
