<?xml version="1.0" encoding="UTF-8"?>
<!-- Generated by org.testng.reporters.JUnitReportReporter -->
<testsuite hostname="Sarojs-iMac.local" failures="0" tests="1" name="testcases.arad.BB_TC_01" time="11.760" errors="0" timestamp="2024-01-07T22:12:16 EST" skipped="0">
  <testcase classname="testcases.arad.BB_TC_01" name="verifyQuantityLimitPerPage" time="11.760"/>
  <system-out/>
</testsuite> <!-- testcases.arad.BB_TC_01 -->
