<?xml version="1.0" encoding="UTF-8"?>
<!-- Generated by org.testng.reporters.JUnitReportReporter -->
<testsuite hostname="NGANTRAN" failures="0" tests="1" name="testcases.ngan.TestCase01" time="8.691" errors="0" timestamp="2024-01-05T22:33:06 EST" skipped="0">
  <testcase classname="testcases.ngan.TestCase01" name="logoTesting" time="8.691"/>
  <system-out/>
</testsuite> <!-- testcases.ngan.TestCase01 -->
