<?xml version="1.0" encoding="UTF-8"?>
<!-- Generated by org.testng.reporters.JUnitReportReporter -->
<testsuite hostname="Anthonys-MacBook.local" failures="0" tests="1" name="testcases.sirirat.BB_TC_03" time="17.846" errors="0" timestamp="2024-01-10T17:16:42 EST" skipped="0">
  <testcase classname="testcases.sirirat.BB_TC_03" name="inputQtyLessThanMaximum" time="17.846"/>
  <system-out/>
</testsuite> <!-- testcases.sirirat.BB_TC_03 -->
