<?xml version="1.0" encoding="UTF-8"?>
<!-- Generated by org.testng.reporters.JUnitReportReporter -->
<testsuite hostname="Sarojs-iMac.local" failures="0" tests="1" name="testcases.ngan.TestCase02" time="7.748" errors="0" timestamp="2024-01-07T21:16:57 EST" skipped="0">
  <testcase classname="testcases.ngan.TestCase02" name="addToCompare" time="7.748"/>
  <system-out/>
</testsuite> <!-- testcases.ngan.TestCase02 -->
