<?xml version="1.0" encoding="UTF-8"?>
<!-- Generated by org.testng.reporters.JUnitReportReporter -->
<testsuite hostname="Sarojs-iMac.local" failures="0" tests="2" name="testcases.gautam.Gautam_TestCase" time="17.570" errors="0" timestamp="2024-01-08T13:18:28 EST" skipped="0">
  <testcase classname="testcases.gautam.Gautam_TestCase" name="shoppingOption" time="7.108"/>
  <system-out/>
  <testcase classname="testcases.gautam.Gautam_TestCase" name="shoppingMultipleOptions" time="10.462"/>
  <system-out/>
</testsuite> <!-- testcases.gautam.Gautam_TestCase -->
