<?xml version="1.0" encoding="UTF-8"?>
<!-- Generated by org.testng.reporters.JUnitReportReporter -->
<testsuite hostname="Sarojs-iMac.local" failures="0" tests="3" name="testcases.saroj.Saroj_TestCase" time="35.963" errors="0" timestamp="2024-01-09T11:13:38 EST" skipped="0">
  <testcase classname="testcases.saroj.Saroj_TestCase" name="addItemtoCart" time="8.348"/>
  <system-out/>
  <testcase classname="testcases.saroj.Saroj_TestCase" name="removeItemfromCart" time="13.083"/>
  <system-out/>
  <testcase classname="testcases.saroj.Saroj_TestCase" name="updateQuantityInCart" time="14.532"/>
  <system-out/>
</testsuite> <!-- testcases.saroj.Saroj_TestCase -->
