<?xml version="1.0" encoding="UTF-8"?>
<!-- Generated by org.testng.reporters.JUnitReportReporter -->
<testsuite hostname="Sarojs-MacBook-Air.local" failures="0" tests="1" name="testcases.ExampleTestCase" time="1.461" errors="0" timestamp="2023-12-12T19:13:52 EST" skipped="0">
  <testcase classname="testcases.ExampleTestCase" name="test01" time="1.461"/>
</testsuite> <!-- testcases.ExampleTestCase -->
