<?xml version="1.0" encoding="UTF-8"?>
<!-- Generated by org.testng.reporters.JUnitReportReporter -->
<testsuite hostname="Anthonys-MacBook.local" failures="0" tests="1" name="testcases.sirirat.BBTC_02" time="11.110" errors="0" timestamp="2023-12-20T23:15:58 EST" skipped="0">
  <testcase classname="testcases.sirirat.BBTC_02" name="caseSensitivity" time="11.110"/>
  <system-out/>
</testsuite> <!-- testcases.sirirat.BBTC_02 -->
