<?xml version="1.0" encoding="UTF-8"?>
<!-- Generated by org.testng.reporters.JUnitReportReporter -->
<testsuite hostname="Sarojs-iMac.local" failures="0" tests="1" name="testcases.gautam.GT_Testcase_01" time="3.534" errors="0" timestamp="2023-12-31T17:24:27 EST" skipped="0">
  <testcase classname="testcases.gautam.GT_Testcase_01" name="shoppingOption" time="3.534"/>
  <system-out/>
</testsuite> <!-- testcases.gautam.GT_Testcase_01 -->
