<?xml version="1.0" encoding="UTF-8"?>
<!-- Generated by org.testng.reporters.JUnitReportReporter -->
<testsuite hostname="NGANTRAN" failures="0" tests="1" name="testcases.ngan.TestCase03" time="10.602" errors="0" timestamp="2024-01-05T22:32:10 EST" skipped="0">
  <testcase classname="testcases.ngan.TestCase03" name="addToWishList" time="10.602"/>
  <system-out/>
</testsuite> <!-- testcases.ngan.TestCase03 -->
