<?xml version="1.0" encoding="UTF-8"?>
<!-- Generated by org.testng.reporters.JUnitReportReporter -->
<testsuite hostname="Sarojs-iMac.local" failures="0" tests="1" name="testcases.zach.BB_TestCase_03" time="7.811" errors="0" timestamp="2024-01-08T11:41:43 EST" skipped="0">
  <testcase classname="testcases.zach.BB_TestCase_03" name="FitnessEquipment" time="7.811"/>
  <system-out/>
</testsuite> <!-- testcases.zach.BB_TestCase_03 -->
