<?xml version="1.0" encoding="UTF-8"?>
<!-- Generated by org.testng.reporters.JUnitReportReporter -->
<testsuite hostname="Sarojs-iMac.local" failures="0" tests="1" name="testcases.sirirat.BBTC_01" time="5.204" errors="0" timestamp="2023-12-29T20:53:32 EST" skipped="0">
  <testcase classname="testcases.sirirat.BBTC_01" name="searchRefinement" time="5.204"/>
  <system-out/>
</testsuite> <!-- testcases.sirirat.BBTC_01 -->
