<?xml version="1.0" encoding="UTF-8"?>
<!-- Generated by org.testng.reporters.JUnitReportReporter -->
<testsuite hostname="Anthonys-MacBook.local" failures="0" tests="3" name="testcases.sirirat.Sirirat_TestCase" time="109.048" errors="0" timestamp="2024-01-10T20:40:24 EST" skipped="0">
  <testcase classname="testcases.sirirat.Sirirat_TestCase" name="verifyQuantityLimitPerPage" time="30.158"/>
  <system-out/>
  <testcase classname="testcases.sirirat.Sirirat_TestCase" name="inputQtyLessThanMaximum" time="41.784"/>
  <system-out/>
  <testcase classname="testcases.sirirat.Sirirat_TestCase" name="maximumPurchaseItem" time="37.106"/>
  <system-out/>
</testsuite> <!-- testcases.sirirat.Sirirat_TestCase -->
