<?xml version="1.0" encoding="UTF-8"?>
<!-- Generated by org.testng.reporters.JUnitReportReporter -->
<testsuite hostname="DESKTOP-LM80HDV" failures="0" tests="1" name="testcases.christinethebaddie.CA_TestCase01" time="7.434" errors="0" timestamp="2023-12-21T16:51:21 CST" skipped="0">
  <testcase classname="testcases.christinethebaddie.CA_TestCase01" name="ContactUsLinkVerification" time="7.434"/>
  <system-out/>
</testsuite> <!-- testcases.christinethebaddie.CA_TestCase01 -->
