<?xml version="1.0" encoding="UTF-8"?>
<!-- Generated by org.testng.reporters.JUnitReportReporter -->
<testsuite hostname="DESKTOP-LM80HDV" failures="0" tests="1" name="testcases.christinethebaddie.CA_TestCase02" time="6.889" errors="0" timestamp="2023-12-28T14:05:53 CST" skipped="0">
  <testcase classname="testcases.christinethebaddie.CA_TestCase02" name="subscribeSubmission" time="6.889"/>
  <system-out/>
</testsuite> <!-- testcases.christinethebaddie.CA_TestCase02 -->
