<?xml version="1.0" encoding="UTF-8"?>
<!-- Generated by org.testng.reporters.JUnitReportReporter -->
<testsuite hostname="Sarojs-iMac.local" failures="0" tests="3" name="testcases.Dilnaz.Dilnaz_TestCase" time="14.711" errors="0" timestamp="2024-01-08T22:28:06 EST" skipped="0">
  <testcase classname="testcases.Dilnaz.Dilnaz_TestCase" name="myPreviousOrder" time="5.095"/>
  <system-out/>
  <testcase classname="testcases.Dilnaz.Dilnaz_TestCase" name="productReview" time="5.105"/>
  <system-out/>
  <testcase classname="testcases.Dilnaz.Dilnaz_TestCase" name="privacyAndPolicy" time="4.511"/>
  <system-out/>
</testsuite> <!-- testcases.Dilnaz.Dilnaz_TestCase -->
