<?xml version="1.0" encoding="UTF-8"?>
<!-- Generated by org.testng.reporters.JUnitReportReporter -->
<testsuite hostname="Sarojs-iMac.local" failures="0" tests="3" name="testcases.arad.Arad_TestCase" time="22.332" errors="0" timestamp="2024-01-08T13:08:25 EST" skipped="0">
  <testcase classname="testcases.arad.Arad_TestCase" name="inputQtyLessThanMaximum" time="11.295"/>
  <system-out/>
  <testcase classname="testcases.arad.Arad_TestCase" name="maximumPurchaseItem" time="5.149"/>
  <system-out/>
  <testcase classname="testcases.arad.Arad_TestCase" name="verifyQuantityLimitPerPage" time="5.888"/>
  <system-out/>
</testsuite> <!-- testcases.arad.Arad_TestCase -->
