<?xml version="1.0" encoding="UTF-8"?>
<!-- Generated by org.testng.reporters.JUnitReportReporter -->
<testsuite hostname="Sarojs-iMac.local" failures="0" tests="3" name="testcases.saroj.Saroj_TestCase" time="34.184" errors="0" timestamp="2024-01-08T14:08:27 EST" skipped="0">
  <testcase classname="testcases.saroj.Saroj_TestCase" name="removeItemfromCart" time="11.423"/>
  <system-out/>
  <testcase classname="testcases.saroj.Saroj_TestCase" name="addItemtoCart" time="8.880"/>
  <system-out/>
  <testcase classname="testcases.saroj.Saroj_TestCase" name="updateQuantityInCart" time="13.881"/>
  <system-out/>
</testsuite> <!-- testcases.saroj.Saroj_TestCase -->
