<?xml version="1.0" encoding="UTF-8"?>
<!-- Generated by org.testng.reporters.JUnitReportReporter -->
<testsuite hostname="Sarojs-iMac.local" failures="0" tests="1" name="testcases.gautam.GT_Testcase_02" time="5.712" errors="0" timestamp="2024-01-01T19:27:08 EST" skipped="0">
  <testcase classname="testcases.gautam.GT_Testcase_02" name="shoppingMultipleOptions" time="5.712"/>
  <system-out/>
</testsuite> <!-- testcases.gautam.GT_Testcase_02 -->
