<?xml version="1.0" encoding="UTF-8"?>
<!-- Generated by org.testng.reporters.JUnitReportReporter -->
<testsuite hostname="Sarojs-iMac.local" failures="0" tests="1" name="testcases.sirirat.BBTC_03" time="4.590" errors="0" timestamp="2023-12-29T21:21:03 EST" skipped="0">
  <testcase classname="testcases.sirirat.BBTC_03" name="adRedirection" time="4.590"/>
  <system-out/>
</testsuite> <!-- testcases.sirirat.BBTC_03 -->
