<?xml version="1.0" encoding="UTF-8"?>
<!-- Generated by org.testng.reporters.JUnitReportReporter -->
<testsuite hostname="NGANTRAN" failures="0" tests="1" name="testcases.ngan.TestCase02" time="10.797" errors="0" timestamp="2024-01-05T22:32:43 EST" skipped="0">
  <testcase classname="testcases.ngan.TestCase02" name="addToCompare" time="10.797"/>
  <system-out/>
</testsuite> <!-- testcases.ngan.TestCase02 -->
