<?xml version="1.0" encoding="UTF-8"?>
<!-- Generated by org.testng.reporters.JUnitReportReporter -->
<testsuite hostname="Sarojs-iMac.local" failures="0" tests="1" name="saroj.BB_TestCase_01" time="6.512" errors="0" timestamp="2023-12-16T22:05:02 EST" skipped="0">
  <testcase classname="saroj.BB_TestCase_01" name="removeItemfromCart" time="6.512"/>
</testsuite> <!-- saroj.BB_TestCase_01 -->
