<?xml version="1.0" encoding="UTF-8"?>
<!-- Generated by org.testng.reporters.JUnitReportReporter -->
<testsuite hostname="Sarojs-iMac.local" failures="0" tests="3" name="testcases.christinethebaddie.Christine_TestCase" time="26.465" errors="0" timestamp="2024-01-08T13:15:26 EST" skipped="0">
  <testcase classname="testcases.christinethebaddie.Christine_TestCase" name="subscribeSubmission" time="9.511"/>
  <system-out/>
  <testcase classname="testcases.christinethebaddie.Christine_TestCase" name="requiredFieldAlert" time="8.612"/>
  <system-out/>
  <testcase classname="testcases.christinethebaddie.Christine_TestCase" name="ContactUsLinkVerification" time="8.342"/>
  <system-out/>
</testsuite> <!-- testcases.christinethebaddie.Christine_TestCase -->
