<?xml version="1.0" encoding="UTF-8"?>
<!-- Generated by org.testng.reporters.JUnitReportReporter -->
<testsuite hostname="Sarojs-iMac.local" failures="0" tests="1" name="testcases.zach.BB_TestCase_02" time="8.258" errors="0" timestamp="2024-01-08T11:39:55 EST" skipped="0">
  <testcase classname="testcases.zach.BB_TestCase_02" name="bagPage" time="8.258"/>
  <system-out/>
</testsuite> <!-- testcases.zach.BB_TestCase_02 -->
