<?xml version="1.0" encoding="UTF-8"?>
<!-- Generated by org.testng.reporters.JUnitReportReporter -->
<testsuite hostname="Sarojs-iMac.local" failures="0" tests="1" name="testcases.sirirat.BBTC_03" time="3.871" errors="0" timestamp="2024-01-07T21:20:47 EST" skipped="0">
  <testcase classname="testcases.sirirat.BBTC_03" name="sortFunction" time="3.871"/>
  <system-out/>
</testsuite> <!-- testcases.sirirat.BBTC_03 -->
