<?xml version="1.0" encoding="UTF-8"?>
<!-- Generated by org.testng.reporters.JUnitReportReporter -->
<testsuite hostname="Sarojs-iMac.local" failures="0" tests="1" name="testcases.saroj.TestForMember" time="4.466" errors="0" timestamp="2023-12-27T16:26:30 EST" skipped="0">
  <testcase classname="testcases.saroj.TestForMember" name="testOnly" time="4.466"/>
  <system-out/>
</testsuite> <!-- testcases.saroj.TestForMember -->
