<?xml version="1.0" encoding="UTF-8"?>
<!-- Generated by org.testng.reporters.JUnitReportReporter -->
<testsuite hostname="Sarojs-iMac.local" failures="0" tests="1" name="testcases.saroj.TestForMember" time="12.594" errors="0" timestamp="2024-01-03T23:19:40 EST" skipped="0">
  <testcase classname="testcases.saroj.TestForMember" name="testOnly" time="12.594"/>
  <system-out/>
</testsuite> <!-- testcases.saroj.TestForMember -->
